9.100000000000000000e+01
1.860000000000000000e+02
7.800000000000000000e+01
8.800000000000000000e+01
1.680000000000000000e+02
8.700000000000000000e+01
1.580000000000000000e+02
4.900000000000000000e+01
1.000000000000000000e+02
1.210000000000000000e+02
1.390000000000000000e+02
6.900000000000000000e+01
6.200000000000000000e+01
7.900000000000000000e+01
1.060000000000000000e+02
1.080000000000000000e+02
1.750000000000000000e+02
9.400000000000000000e+01
5.700000000000000000e+01
1.330000000000000000e+02
9.400000000000000000e+01
1.010000000000000000e+02
6.700000000000000000e+01
4.600000000000000000e+01
1.290000000000000000e+02
9.800000000000000000e+01
5.500000000000000000e+01
6.400000000000000000e+01
6.200000000000000000e+01
9.300000000000000000e+01
1.330000000000000000e+02
9.000000000000000000e+01
9.900000000000000000e+01
9.400000000000000000e+01
8.000000000000000000e+01
5.700000000000000000e+01
6.900000000000000000e+01
9.300000000000000000e+01
2.700000000000000000e+01
8.700000000000000000e+01
1.150000000000000000e+02
9.500000000000000000e+01
1.060000000000000000e+02
9.100000000000000000e+01
5.700000000000000000e+01
1.550000000000000000e+02
1.130000000000000000e+02
1.300000000000000000e+02
1.140000000000000000e+02
9.700000000000000000e+01
1.120000000000000000e+02
1.120000000000000000e+02
9.400000000000000000e+01
1.560000000000000000e+02
9.200000000000000000e+01
1.740000000000000000e+02
3.600000000000000000e+01
4.600000000000000000e+01
1.300000000000000000e+02
7.100000000000000000e+01
8.400000000000000000e+01
7.900000000000000000e+01
7.300000000000000000e+01
1.820000000000000000e+02
5.200000000000000000e+01
1.010000000000000000e+02
2.120000000000000000e+02
9.800000000000000000e+01
2.610000000000000000e+02
3.600000000000000000e+01
1.070000000000000000e+02
1.120000000000000000e+02
1.120000000000000000e+02
6.500000000000000000e+01
1.280000000000000000e+02
1.090000000000000000e+02
5.300000000000000000e+01
1.300000000000000000e+02
9.800000000000000000e+01
8.400000000000000000e+01
1.390000000000000000e+02
1.130000000000000000e+02
1.920000000000000000e+02
1.660000000000000000e+02
8.700000000000000000e+01
1.770000000000000000e+02
7.700000000000000000e+01
1.120000000000000000e+02
1.160000000000000000e+02
5.300000000000000000e+01
3.400000000000000000e+01
2.400000000000000000e+02
5.400000000000000000e+01
1.570000000000000000e+02
1.820000000000000000e+02
2.350000000000000000e+02
1.010000000000000000e+02
5.500000000000000000e+01
8.400000000000000000e+01
9.900000000000000000e+01
